2016-11-06T01:37:14.511-0500 I CONTROL  [initandlisten] MongoDB starting : pid=46133 port=27017 dbpath=/data/db 64-bit host=kshvmdn-mbp.local
2016-11-06T01:37:14.512-0500 I CONTROL  [initandlisten] db version v3.2.9
2016-11-06T01:37:14.512-0500 I CONTROL  [initandlisten] git version: 22ec9e93b40c85fc7cae7d56e7d6a02fd811088c
2016-11-06T01:37:14.512-0500 I CONTROL  [initandlisten] OpenSSL version: OpenSSL 1.0.2j  26 Sep 2016
2016-11-06T01:37:14.512-0500 I CONTROL  [initandlisten] allocator: system
2016-11-06T01:37:14.512-0500 I CONTROL  [initandlisten] modules: none
2016-11-06T01:37:14.512-0500 I CONTROL  [initandlisten] build environment:
2016-11-06T01:37:14.512-0500 I CONTROL  [initandlisten]     distarch: x86_64
2016-11-06T01:37:14.512-0500 I CONTROL  [initandlisten]     target_arch: x86_64
2016-11-06T01:37:14.514-0500 I CONTROL  [initandlisten] options: { processManagement: { fork: true }, systemLog: { destination: "file", logAppend: true, path: "log/mongod.log" } }
2016-11-06T01:37:14.514-0500 I -        [initandlisten] Detected data files in /data/db created by the 'mmapv1' storage engine, so setting the active storage engine to 'mmapv1'.
2016-11-06T01:37:14.523-0500 I JOURNAL  [initandlisten] journal dir=/data/db/journal
2016-11-06T01:37:14.523-0500 I JOURNAL  [initandlisten] recover : no journal files present, no recovery needed
2016-11-06T01:37:14.533-0500 I JOURNAL  [durability] Durability thread started
2016-11-06T01:37:14.533-0500 I JOURNAL  [journal writer] Journal writer thread started
2016-11-06T01:37:14.612-0500 I FTDC     [initandlisten] Initializing full-time diagnostic data capture with directory '/data/db/diagnostic.data'
2016-11-06T01:37:14.612-0500 I NETWORK  [HostnameCanonicalizationWorker] Starting hostname canonicalization worker
2016-11-06T01:37:14.614-0500 I NETWORK  [initandlisten] waiting for connections on port 27017
2016-11-06T01:37:14.791-0500 I NETWORK  [initandlisten] connection accepted from 127.0.0.1:53077 #1 (1 connection now open)
2016-11-06T01:37:15.006-0500 I FTDC     [ftdc] Unclean full-time diagnostic data capture shutdown detected, found interim file, some metrics may have been lost. OK
2016-11-06T01:37:18.669-0500 I NETWORK  [initandlisten] connection accepted from 127.0.0.1:53079 #2 (2 connections now open)
2016-11-06T01:38:09.668-0500 I NETWORK  [initandlisten] connection accepted from 127.0.0.1:53141 #3 (3 connections now open)
